rake aborted!
ActiveRecord::RecordInvalid: Validation failed: Firstname can't be blank, Lastname can't be blank
/usr/local/rvm/gems/ruby-2.1.2@engineering_finder/gems/activerecord-4.1.5/lib/active_record/validations.rb:57:in `save!'
/usr/local/rvm/gems/ruby-2.1.2@engineering_finder/gems/activerecord-4.1.5/lib/active_record/attribute_methods/dirty.rb:29:in `save!'
/usr/local/rvm/gems/ruby-2.1.2@engineering_finder/gems/activerecord-4.1.5/lib/active_record/transactions.rb:273:in `block in save!'
/usr/local/rvm/gems/ruby-2.1.2@engineering_finder/gems/activerecord-4.1.5/lib/active_record/transactions.rb:329:in `block in with_transaction_returning_status'
/usr/local/rvm/gems/ruby-2.1.2@engineering_finder/gems/activerecord-4.1.5/lib/active_record/connection_adapters/abstract/database_statements.rb:199:in `transaction'
/usr/local/rvm/gems/ruby-2.1.2@engineering_finder/gems/activerecord-4.1.5/lib/active_record/transactions.rb:208:in `transaction'
/usr/local/rvm/gems/ruby-2.1.2@engineering_finder/gems/activerecord-4.1.5/lib/active_record/transactions.rb:326:in `with_transaction_returning_status'
/usr/local/rvm/gems/ruby-2.1.2@engineering_finder/gems/activerecord-4.1.5/lib/active_record/transactions.rb:273:in `save!'
/usr/local/rvm/gems/ruby-2.1.2@engineering_finder/gems/activerecord-4.1.5/lib/active_record/persistence.rb:245:in `block in update!'
/usr/local/rvm/gems/ruby-2.1.2@engineering_finder/gems/activerecord-4.1.5/lib/active_record/transactions.rb:329:in `block in with_transaction_returning_status'
/usr/local/rvm/gems/ruby-2.1.2@engineering_finder/gems/activerecord-4.1.5/lib/active_record/connection_adapters/abstract/database_statements.rb:201:in `block in transaction'
/usr/local/rvm/gems/ruby-2.1.2@engineering_finder/gems/activerecord-4.1.5/lib/active_record/connection_adapters/abstract/database_statements.rb:209:in `within_new_transaction'
/usr/local/rvm/gems/ruby-2.1.2@engineering_finder/gems/activerecord-4.1.5/lib/active_record/connection_adapters/abstract/database_statements.rb:201:in `transaction'
/usr/local/rvm/gems/ruby-2.1.2@engineering_finder/gems/activerecord-4.1.5/lib/active_record/transactions.rb:208:in `transaction'
/usr/local/rvm/gems/ruby-2.1.2@engineering_finder/gems/activerecord-4.1.5/lib/active_record/transactions.rb:326:in `with_transaction_returning_status'
/usr/local/rvm/gems/ruby-2.1.2@engineering_finder/gems/activerecord-4.1.5/lib/active_record/persistence.rb:243:in `update!'
/usr/local/rvm/gems/ruby-2.1.2@engineering_finder/gems/activerecord-4.1.5/lib/active_record/enum.rb:125:in `block (4 levels) in enum'
/home/kedzpipl/workspace/netguru/engineering_finder/app/services/create_admin_service.rb:6:in `block in call'
/usr/local/rvm/gems/ruby-2.1.2@engineering_finder/gems/activerecord-4.1.5/lib/active_record/validations.rb:40:in `create!'
/usr/local/rvm/gems/ruby-2.1.2@engineering_finder/gems/activerecord-4.1.5/lib/active_record/relation.rb:140:in `block in create!'
/usr/local/rvm/gems/ruby-2.1.2@engineering_finder/gems/activerecord-4.1.5/lib/active_record/relation.rb:285:in `scoping'
/usr/local/rvm/gems/ruby-2.1.2@engineering_finder/gems/activerecord-4.1.5/lib/active_record/relation.rb:140:in `create!'
/usr/local/rvm/gems/ruby-2.1.2@engineering_finder/gems/activerecord-4.1.5/lib/active_record/relation.rb:208:in `find_or_create_by!'
/usr/local/rvm/gems/ruby-2.1.2@engineering_finder/gems/activerecord-4.1.5/lib/active_record/querying.rb:6:in `find_or_create_by!'
/home/kedzpipl/workspace/netguru/engineering_finder/app/services/create_admin_service.rb:3:in `call'
/home/kedzpipl/workspace/netguru/engineering_finder/db/seeds.rb:10:in `<top (required)>'
/usr/local/rvm/gems/ruby-2.1.2@engineering_finder/gems/activesupport-4.1.5/lib/active_support/dependencies.rb:241:in `load'
/usr/local/rvm/gems/ruby-2.1.2@engineering_finder/gems/activesupport-4.1.5/lib/active_support/dependencies.rb:241:in `block in load'
/usr/local/rvm/gems/ruby-2.1.2@engineering_finder/gems/activesupport-4.1.5/lib/active_support/dependencies.rb:232:in `load_dependency'
/usr/local/rvm/gems/ruby-2.1.2@engineering_finder/gems/activesupport-4.1.5/lib/active_support/dependencies.rb:241:in `load'
/usr/local/rvm/gems/ruby-2.1.2@engineering_finder/gems/railties-4.1.5/lib/rails/engine.rb:543:in `load_seed'
/usr/local/rvm/gems/ruby-2.1.2@engineering_finder/gems/activerecord-4.1.5/lib/active_record/tasks/database_tasks.rb:184:in `load_seed'
/usr/local/rvm/gems/ruby-2.1.2@engineering_finder/gems/activerecord-4.1.5/lib/active_record/railties/databases.rake:173:in `block (2 levels) in <top (required)>'
/usr/local/rvm/gems/ruby-2.1.2@engineering_finder/gems/activerecord-4.1.5/lib/active_record/railties/databases.rake:132:in `block (2 levels) in <top (required)>'
/usr/local/rvm/gems/ruby-2.1.2@engineering_finder/bin/ruby_executable_hooks:15:in `eval'
/usr/local/rvm/gems/ruby-2.1.2@engineering_finder/bin/ruby_executable_hooks:15:in `<main>'
Tasks: TOP => db:setup => db:seed
(See full trace by running task with --trace)
